<?xml version="1.0" encoding="UTF-8"?>
<testng-results skipped="0" failed="1" ignored="0" total="2" passed="1">
  <reporter-output>
  </reporter-output>
  <suite name="Default suite" duration-ms="31094" started-at="2019-08-16T11:32:42Z" finished-at="2019-08-16T11:33:13Z">
    <groups>
    </groups>
    <test name="Default test" duration-ms="31094" started-at="2019-08-16T11:32:42Z" finished-at="2019-08-16T11:33:13Z">
      <class name="com.Xyphias.Schneider.MyPageObjectModelHybridproject.ContactsPageNewHereTest">
        <test-method status="FAIL" signature="CreateNewContactsTest(java.lang.String, java.lang.String, java.lang.String, java.lang.String, java.lang.String)[pri:1, instance:com.Xyphias.Schneider.MyPageObjectModelHybridproject.ContactsPageNewHereTest@7d9d1a19]" name="CreateNewContactsTest" duration-ms="1237" started-at="2019-08-16T11:32:42Z" data-provider="getCRMPROtestData" finished-at="2019-08-16T11:32:44Z">
          <exception class="org.testng.internal.reflect.MethodMatcherException">
            <message>
              <![CDATA[
Data provider mismatch
Method: CreateNewContactsTest([Parameter{index=0, type=java.lang.String, declaredAnnotations=[]}, Parameter{index=1, type=java.lang.String, declaredAnnotations=[]}, Parameter{index=2, type=java.lang.String, declaredAnnotations=[]}, Parameter{index=3, type=java.lang.String, declaredAnnotations=[]}, Parameter{index=4, type=java.lang.String, declaredAnnotations=[]}])
Arguments: [(org.apache.poi.xssf.usermodel.XSSFCell) Mrs.,(org.apache.poi.xssf.usermodel.XSSFCell) Vandana,(org.apache.poi.xssf.usermodel.XSSFCell) Kumar,(org.apache.poi.xssf.usermodel.XSSFCell) Ramprasad,(org.apache.poi.xssf.usermodel.XSSFCell) Cognizant]]]>
            </message>
            <full-stacktrace>
              <![CDATA[org.testng.internal.reflect.MethodMatcherException: 
Data provider mismatch
Method: CreateNewContactsTest([Parameter{index=0, type=java.lang.String, declaredAnnotations=[]}, Parameter{index=1, type=java.lang.String, declaredAnnotations=[]}, Parameter{index=2, type=java.lang.String, declaredAnnotations=[]}, Parameter{index=3, type=java.lang.String, declaredAnnotations=[]}, Parameter{index=4, type=java.lang.String, declaredAnnotations=[]}])
Arguments: [(org.apache.poi.xssf.usermodel.XSSFCell) Mrs.,(org.apache.poi.xssf.usermodel.XSSFCell) Vandana,(org.apache.poi.xssf.usermodel.XSSFCell) Kumar,(org.apache.poi.xssf.usermodel.XSSFCell) Ramprasad,(org.apache.poi.xssf.usermodel.XSSFCell) Cognizant]
at org.testng.internal.reflect.DataProviderMethodMatcher.getConformingArguments(DataProviderMethodMatcher.java:45)
at org.testng.internal.Parameters.injectParameters(Parameters.java:796)
at org.testng.internal.Invoker.invokeTestMethods(Invoker.java:983)
at org.testng.internal.TestMethodWorker.invokeTestMethods(TestMethodWorker.java:125)
at org.testng.internal.TestMethodWorker.run(TestMethodWorker.java:109)
at org.testng.TestRunner.privateRun(TestRunner.java:648)
at org.testng.TestRunner.run(TestRunner.java:505)
at org.testng.SuiteRunner.runTest(SuiteRunner.java:455)
at org.testng.SuiteRunner.runSequentially(SuiteRunner.java:450)
at org.testng.SuiteRunner.privateRun(SuiteRunner.java:415)
at org.testng.SuiteRunner.run(SuiteRunner.java:364)
at org.testng.SuiteRunnerWorker.runSuite(SuiteRunnerWorker.java:52)
at org.testng.SuiteRunnerWorker.run(SuiteRunnerWorker.java:84)
at org.testng.TestNG.runSuitesSequentially(TestNG.java:1208)
at org.testng.TestNG.runSuitesLocally(TestNG.java:1137)
at org.testng.TestNG.runSuites(TestNG.java:1049)
at org.testng.TestNG.run(TestNG.java:1017)
at org.testng.remote.AbstractRemoteTestNG.run(AbstractRemoteTestNG.java:115)
at org.testng.remote.RemoteTestNG.initAndRun(RemoteTestNG.java:251)
at org.testng.remote.RemoteTestNG.main(RemoteTestNG.java:77)
]]>
            </full-stacktrace>
          </exception> <!-- org.testng.internal.reflect.MethodMatcherException -->
          <reporter-output>
          </reporter-output>
        </test-method> <!-- CreateNewContactsTest -->
        <test-method status="PASS" signature="ContactsPageNewHereInit()[pri:0, instance:com.Xyphias.Schneider.MyPageObjectModelHybridproject.ContactsPageNewHereTest@7d9d1a19]" name="ContactsPageNewHereInit" is-config="true" duration-ms="28602" started-at="2019-08-16T11:32:44Z" finished-at="2019-08-16T11:33:12Z">
          <reporter-output>
          </reporter-output>
        </test-method> <!-- ContactsPageNewHereInit -->
        <test-method status="PASS" signature="VerifyContactsPageUserLabelTest()[pri:2, instance:com.Xyphias.Schneider.MyPageObjectModelHybridproject.ContactsPageNewHereTest@7d9d1a19]" name="VerifyContactsPageUserLabelTest" duration-ms="189" started-at="2019-08-16T11:33:12Z" finished-at="2019-08-16T11:33:12Z">
          <reporter-output>
          </reporter-output>
        </test-method> <!-- VerifyContactsPageUserLabelTest -->
        <test-method status="PASS" signature="teardown()[pri:0, instance:com.Xyphias.Schneider.MyPageObjectModelHybridproject.ContactsPageNewHereTest@7d9d1a19]" name="teardown" is-config="true" duration-ms="995" started-at="2019-08-16T11:33:12Z" finished-at="2019-08-16T11:33:13Z">
          <reporter-output>
          </reporter-output>
        </test-method> <!-- teardown -->
      </class> <!-- com.Xyphias.Schneider.MyPageObjectModelHybridproject.ContactsPageNewHereTest -->
    </test> <!-- Default test -->
  </suite> <!-- Default suite -->
</testng-results>
