<?xml version="1.0" encoding="UTF-8"?>
<!-- Generated by org.testng.reporters.JUnitXMLReporter -->
<testsuite hostname="admin-PC" ignored="0" name="NewTest" tests="3" failures="3" timestamp="16 Aug 2019 06:33:49 GMT" time="23.936" errors="0">
  <testcase name="VerifyLoginPageNewHereTitleTest" time="0.03" classname="com.Xyphias.Schneider.MyPageObjectModelHybridproject.LoginPageNewHereTest">
    <failure type="java.lang.NullPointerException">
      <![CDATA[java.lang.NullPointerException
at com.Xyphias.Schneider.MyPageObjectModelHybridproject.LoginPageNewHere.VerifyLoginPageNewHereTitle(LoginPageNewHere.java:37)
at com.Xyphias.Schneider.MyPageObjectModelHybridproject.LoginPageNewHereTest.VerifyLoginPageNewHereTitleTest(LoginPageNewHereTest.java:53)
... Removed 25 stack frames]]>
    </failure>
  </testcase> <!-- VerifyLoginPageNewHereTitleTest -->
  <testcase name="VerifyLoginPageNewHereLogoTest" time="0.003" classname="com.Xyphias.Schneider.MyPageObjectModelHybridproject.LoginPageNewHereTest">
    <failure type="java.lang.NullPointerException">
      <![CDATA[java.lang.NullPointerException
at org.openqa.selenium.support.pagefactory.DefaultElementLocator.findElement(DefaultElementLocator.java:69)
at org.openqa.selenium.support.pagefactory.internal.LocatingElementHandler.invoke(LocatingElementHandler.java:38)
at com.sun.proxy.$Proxy9.isDisplayed(Unknown Source)
at com.Xyphias.Schneider.MyPageObjectModelHybridproject.LoginPageNewHere.VerifyLoginPageNewHereLogo(LoginPageNewHere.java:42)
at com.Xyphias.Schneider.MyPageObjectModelHybridproject.LoginPageNewHereTest.VerifyLoginPageNewHereLogoTest(LoginPageNewHereTest.java:62)
... Removed 25 stack frames]]>
    </failure>
  </testcase> <!-- VerifyLoginPageNewHereLogoTest -->
  <testcase name="VerifyLoginPageNewHereToHomePageNewHereTest" time="0.003" classname="com.Xyphias.Schneider.MyPageObjectModelHybridproject.LoginPageNewHereTest">
    <failure type="java.lang.NullPointerException">
      <![CDATA[java.lang.NullPointerException
at org.openqa.selenium.support.pagefactory.DefaultElementLocator.findElement(DefaultElementLocator.java:69)
at org.openqa.selenium.support.pagefactory.internal.LocatingElementHandler.invoke(LocatingElementHandler.java:38)
at com.sun.proxy.$Proxy9.sendKeys(Unknown Source)
at com.Xyphias.Schneider.MyPageObjectModelHybridproject.LoginPageNewHere.LoginPageToHomePageNewHere(LoginPageNewHere.java:47)
at com.Xyphias.Schneider.MyPageObjectModelHybridproject.LoginPageNewHereTest.VerifyLoginPageNewHereToHomePageNewHereTest(LoginPageNewHereTest.java:45)
... Removed 25 stack frames]]>
    </failure>
  </testcase> <!-- VerifyLoginPageNewHereToHomePageNewHereTest -->
</testsuite> <!-- NewTest -->
